<?xml version="1.0" encoding="UTF-8"?>
<testng-results ignored="0" total="1" passed="1" failed="0" skipped="0">
  <reporter-output>
  </reporter-output>
  <suite started-at="2021-05-14T04:18:42 NZST" name="Default suite" finished-at="2021-05-14T04:19:09 NZST" duration-ms="26237">
    <groups>
    </groups>
    <test started-at="2021-05-14T04:18:42 NZST" name="Default test" finished-at="2021-05-14T04:19:09 NZST" duration-ms="26237">
      <class name="com.homesnz.Testcases.TC_HomepageSearch_01">
        <test-method is-config="true" signature="setup()[pri:0, instance:com.homesnz.Testcases.TC_HomepageSearch_01@2f7c2f4f]" started-at="2021-05-14T04:18:42 NZST" name="setup" finished-at="2021-05-14T04:18:52 NZST" duration-ms="9797" status="PASS">
          <reporter-output>
          </reporter-output>
        </test-method> <!-- setup -->
        <test-method signature="SearchPlace()[pri:0, instance:com.homesnz.Testcases.TC_HomepageSearch_01@2f7c2f4f]" started-at="2021-05-14T04:18:52 NZST" name="SearchPlace" finished-at="2021-05-14T04:19:09 NZST" duration-ms="16334" status="PASS">
          <reporter-output>
          </reporter-output>
        </test-method> <!-- SearchPlace -->
        <test-method is-config="true" signature="teardown()[pri:0, instance:com.homesnz.Testcases.TC_HomepageSearch_01@2f7c2f4f]" started-at="2021-05-14T04:19:09 NZST" name="teardown" finished-at="2021-05-14T04:19:09 NZST" duration-ms="0" status="PASS">
          <reporter-output>
          </reporter-output>
        </test-method> <!-- teardown -->
      </class> <!-- com.homesnz.Testcases.TC_HomepageSearch_01 -->
    </test> <!-- Default test -->
  </suite> <!-- Default suite -->
</testng-results>
